[Sun Jun  1 13:47:50 UTC 2025] Watchdog started
[Sun Jun  1 13:47:50 UTC 2025] Lancement de crawler.py
[Sun Jun  1 14:06:23 UTC 2025] Crash détecté, redémarrage dans 3 secondes...
[Sun Jun  1 14:06:26 UTC 2025] Lancement de crawler.py
[Sun Jun  1 14:10:59 UTC 2025] Crash détecté, redémarrage dans 3 secondes...
[Sun Jun  1 14:11:02 UTC 2025] Lancement de crawler.py
[Sun Jun  1 14:13:03 UTC 2025] Crash détecté, redémarrage dans 3 secondes...
[Sun Jun  1 14:13:06 UTC 2025] Lancement de crawler.py
[Sun Jun  1 14:16:08 UTC 2025] Crash détecté, redémarrage dans 3 secondes...
[Sun Jun  1 14:16:11 UTC 2025] Lancement de crawler.py
[Sun Jun  1 14:22:51 UTC 2025] Crash détecté, redémarrage dans 3 secondes...
[Sun Jun  1 14:22:54 UTC 2025] Lancement de crawler.py
[Sun Jun  1 14:23:25 UTC 2025] Crash détecté, redémarrage dans 3 secondes...
[Sun Jun  1 14:23:28 UTC 2025] Lancement de crawler.py
[Sun Jun  1 14:56:36 UTC 2025] Watchdog started
[Sun Jun  1 14:56:36 UTC 2025] Lancement de crawler.py
[Sun Jun  1 15:04:24 UTC 2025] Crash détecté, redémarrage
[Sun Jun  1 15:04:24 UTC 2025] Lancement de crawler.py
[Sun Jun  1 15:04:44 UTC 2025] Crash détecté, redémarrage
[Sun Jun  1 15:04:44 UTC 2025] Lancement de crawler.py
[Sun Jun  1 15:14:42 UTC 2025] Crash détecté, redémarrage
[Sun Jun  1 15:14:42 UTC 2025] Lancement de crawler.py
[Sun Jun  1 15:38:01 UTC 2025] Crash détecté, redémarrage
[Sun Jun  1 15:38:01 UTC 2025] Lancement de crawler.py
[Sun Jun  1 15:42:02 UTC 2025] Crash détecté, redémarrage
[Sun Jun  1 15:42:02 UTC 2025] Lancement de crawler.py
[Sun Jun  1 16:25:55 UTC 2025] Watchdog started
[Sun Jun  1 16:25:55 UTC 2025] Lancement de crawler.py
[Sun Jun  1 16:47:09 UTC 2025] Watchdog started
[Sun Jun  1 16:47:09 UTC 2025] Lancement de crawler.py
[Sun Jun  1 16:51:39 UTC 2025] Crash détecté, redémarrage
[Sun Jun  1 16:51:39 UTC 2025] Lancement de crawler.py
[Sun Jun  1 17:05:07 UTC 2025] Crash détecté, redémarrage
[Sun Jun  1 17:05:07 UTC 2025] Lancement de crawler.py
[Sun Jun  1 17:14:33 UTC 2025] Crash détecté, redémarrage
[Sun Jun  1 17:14:33 UTC 2025] Lancement de crawler.py
[Sun Jun  1 17:31:09 UTC 2025] Crash détecté, redémarrage
[Sun Jun  1 17:31:09 UTC 2025] Lancement de crawler.py
[Sun Jun  1 17:31:44 UTC 2025] Crash détecté, redémarrage
[Sun Jun  1 17:31:44 UTC 2025] Lancement de crawler.py
[Sun Jun  1 17:46:19 UTC 2025] Crash détecté, redémarrage
[Sun Jun  1 17:46:19 UTC 2025] Lancement de crawler.py
[Sun Jun  1 17:51:25 UTC 2025] Crash détecté, redémarrage
[Sun Jun  1 17:51:25 UTC 2025] Lancement de crawler.py
[Sun Jun  1 18:03:39 UTC 2025] Crash détecté, redémarrage
[Sun Jun  1 18:03:39 UTC 2025] Lancement de crawler.py
[Sun Jun  1 18:18:24 UTC 2025] Crash détecté, redémarrage
[Sun Jun  1 18:18:24 UTC 2025] Lancement de crawler.py
[Mon Jun  2 04:53:55 UTC 2025] Watchdog started
[Mon Jun  2 04:53:55 UTC 2025] Lancement de crawler.py
[Mon Jun  2 04:58:38 UTC 2025] Crash détecté, redémarrage
[Mon Jun  2 04:58:38 UTC 2025] Lancement de crawler.py
[Mon Jun  2 05:01:16 UTC 2025] Crash détecté, redémarrage
[Mon Jun  2 05:01:16 UTC 2025] Lancement de crawler.py
[Mon Jun  2 05:14:01 UTC 2025] Crash détecté, redémarrage
[Mon Jun  2 05:14:02 UTC 2025] Lancement de crawler.py
[Mon Jun  2 05:14:33 UTC 2025] Crash détecté, redémarrage
[Mon Jun  2 05:14:33 UTC 2025] Lancement de crawler.py
[Mon Jun  2 05:25:51 UTC 2025] Crash détecté, redémarrage
[Mon Jun  2 05:25:51 UTC 2025] Lancement de crawler.py
[Mon Jun  2 05:29:47 UTC 2025] Crash détecté, redémarrage
[Mon Jun  2 05:29:47 UTC 2025] Lancement de crawler.py
[Mon Jun  2 05:32:52 UTC 2025] Crash détecté, redémarrage
[Mon Jun  2 05:32:52 UTC 2025] Lancement de crawler.py
[Mon Jun  2 05:33:22 UTC 2025] Crash détecté, redémarrage
[Mon Jun  2 05:33:22 UTC 2025] Lancement de crawler.py
[Mon Jun  2 14:45:31 UTC 2025] Watchdog started
[Mon Jun  2 14:45:31 UTC 2025] Lancement de crawler.py
[Mon Jun  2 15:00:02 UTC 2025] Crash détecté, redémarrage
[Mon Jun  2 15:00:02 UTC 2025] Lancement de crawler.py
[Mon Jun  2 15:11:32 UTC 2025] Crash détecté, redémarrage
[Mon Jun  2 15:11:32 UTC 2025] Lancement de crawler.py
